2022-03-27 18:05:21.876 - INFO - 8212 - azureml.train.automl.run._log_activity:55 - ActivityStarted: GetOutput
2022-03-27 18:05:21.905 - INFO - 8212 - azureml.train.automl.run._log_activity:55 - ActivityStarted: GetOutput
2022-03-27 18:05:21.928 - INFO - 8212 - azureml.train.automl.run._log_activity:55 - ActivityStarted: GetChildren
2022-03-27 18:05:22.076 - INFO - 8212 - azureml.train.automl.run._log_activity:89 - ActivityCompleted: Activity=GetChildren, HowEnded=Success, Duration=147.3[ms]
2022-03-27 18:05:22.144 - INFO - 8212 - azureml.train.automl.run._log_activity:89 - ActivityCompleted: Activity=GetOutput, HowEnded=Success, Duration=238.47[ms]
2022-03-27 18:05:22.144 - INFO - 8212 - azureml.train.automl._model_download_utilities._log_activity:55 - ActivityStarted: DownloadModel
2022-03-27 18:05:28.631 - CRITICAL - 8212 - azureml.train.automl._model_download_utilities.log_traceback:227 - Type: Unclassified
Class: ModuleNotFoundError
Message: No module named 'azureml.train.automl.runtime'
Traceback:
  File "_model_download_utilities.py", line 180, in _load_automl_model
    import azureml.train.automl.runtime

ExceptionTarget: Unspecified
2022-03-27 18:05:28.651 - WARNING - 8212 - azureml.train.automl._model_download_utilities._download_automl_model:101 - The model you attempted to retrieve requires 'azureml-train-automl-runtime' to be installed at '==1.38.0'. Please install 'azureml-train-automl-runtime==1.38.0' (e.g. `pip install azureml-train-automl-runtime==1.38.0`) and then rerun the previous command.
2022-03-27 18:05:28.670 - INFO - 8212 - azureml.train.automl._model_download_utilities._log_activity:89 - ActivityCompleted: Activity=DownloadModel, HowEnded=Success, Duration=6525.51[ms]
2022-03-27 18:05:28.670 - INFO - 8212 - azureml.train.automl.run._log_activity:89 - ActivityCompleted: Activity=GetOutput, HowEnded=Success, Duration=6793.99[ms]
2022-03-27 18:07:13.509 - INFO - 8212 - azureml.train.automl.run._log_activity:55 - ActivityStarted: GetOutput
2022-03-27 18:07:13.536 - INFO - 8212 - azureml.train.automl.run._log_activity:55 - ActivityStarted: GetOutput
2022-03-27 18:07:13.561 - INFO - 8212 - azureml.train.automl.run._log_activity:55 - ActivityStarted: GetChildren
2022-03-27 18:07:13.705 - INFO - 8212 - azureml.train.automl.run._log_activity:89 - ActivityCompleted: Activity=GetChildren, HowEnded=Success, Duration=144.83[ms]
2022-03-27 18:07:13.769 - INFO - 8212 - azureml.train.automl.run._log_activity:89 - ActivityCompleted: Activity=GetOutput, HowEnded=Success, Duration=233.54[ms]
2022-03-27 18:07:13.770 - INFO - 8212 - azureml.train.automl._model_download_utilities._log_activity:55 - ActivityStarted: DownloadModel
2022-03-27 18:07:14.209 - CRITICAL - 8212 - azureml.train.automl._model_download_utilities.log_traceback:227 - Type: Unclassified
Class: ModuleNotFoundError
Message: No module named 'azureml.train.automl.runtime'
Traceback:
  File "_model_download_utilities.py", line 180, in _load_automl_model
    import azureml.train.automl.runtime

ExceptionTarget: Unspecified
2022-03-27 18:07:14.210 - WARNING - 8212 - azureml.train.automl._model_download_utilities._download_automl_model:101 - The model you attempted to retrieve requires 'azureml-train-automl-runtime' to be installed at '==1.38.0'. Please install 'azureml-train-automl-runtime==1.38.0' (e.g. `pip install azureml-train-automl-runtime==1.38.0`) and then rerun the previous command.
2022-03-27 18:07:14.219 - INFO - 8212 - azureml.train.automl._model_download_utilities._log_activity:89 - ActivityCompleted: Activity=DownloadModel, HowEnded=Success, Duration=449.67[ms]
2022-03-27 18:07:14.220 - INFO - 8212 - azureml.train.automl.run._log_activity:89 - ActivityCompleted: Activity=GetOutput, HowEnded=Success, Duration=711.11[ms]
2022-03-27 18:07:48.494 - INFO - 8212 - azureml.train.automl.run._log_activity:55 - ActivityStarted: RegisterModel
2022-03-27 18:07:48.518 - INFO - 8212 - azureml.train.automl.run._log_activity:55 - ActivityStarted: GetChildren
2022-03-27 18:07:48.679 - INFO - 8212 - azureml.train.automl.run._log_activity:89 - ActivityCompleted: Activity=GetChildren, HowEnded=Success, Duration=160.25[ms]
2022-03-27 18:07:49.473 - INFO - 8212 - azureml.train.automl.run._log_activity:89 - ActivityCompleted: Activity=RegisterModel, HowEnded=Success, Duration=978.95[ms]
2022-03-27 18:07:52.104 - INFO - 8212 - azureml.train.automl.run._log_activity:55 - ActivityStarted: RegisterModel
2022-03-27 18:07:52.131 - INFO - 8212 - azureml.train.automl.run._log_activity:55 - ActivityStarted: GetChildren
2022-03-27 18:07:52.270 - INFO - 8212 - azureml.train.automl.run._log_activity:89 - ActivityCompleted: Activity=GetChildren, HowEnded=Success, Duration=138.52[ms]
2022-03-27 18:07:53.005 - INFO - 8212 - azureml.train.automl.run._log_activity:89 - ActivityCompleted: Activity=RegisterModel, HowEnded=Success, Duration=901.4[ms]
