2022-03-27 17:45:41.281 - INFO - 8212 - azureml.train.automl._experiment_drivers.driver_utilities.modify_run_configuration:201 - Package azureml-train-automl missing from dependencies file.
2022-03-27 17:45:41.281 - INFO - 8212 - azureml.train.automl._experiment_drivers.driver_utilities.modify_run_configuration:207 - Using pinned version: azureml-train-automl==1.38.0.*
2022-03-27 17:45:41.282 - INFO - 8212 - azureml.train.automl._experiment_drivers.driver_utilities.modify_run_configuration:201 - Package pandas missing from dependencies file.
2022-03-27 17:45:41.282 - INFO - 8212 - azureml.train.automl._experiment_drivers.driver_utilities.modify_run_configuration:207 - Using pinned version: pandas==0.25.1
2022-03-27 17:45:41.282 - INFO - 8212 - azureml.train.automl._experiment_drivers.driver_utilities.modify_run_configuration:201 - Package psutil missing from dependencies file.
2022-03-27 17:45:41.282 - INFO - 8212 - azureml.train.automl._experiment_drivers.driver_utilities.modify_run_configuration:207 - Using pinned version: psutil>5.0.0,<6.0.0
2022-03-27 17:45:41.283 - INFO - 8212 - azureml.train.automl._experiment_drivers.driver_utilities.modify_run_configuration:201 - Package scikit-learn missing from dependencies file.
2022-03-27 17:45:41.283 - INFO - 8212 - azureml.train.automl._experiment_drivers.driver_utilities.modify_run_configuration:207 - Using pinned version: scikit-learn==0.22.1
2022-03-27 17:45:41.283 - INFO - 8212 - azureml.train.automl._experiment_drivers.driver_utilities.modify_run_configuration:201 - Package numpy missing from dependencies file.
2022-03-27 17:45:41.284 - INFO - 8212 - azureml.train.automl._experiment_drivers.driver_utilities.modify_run_configuration:207 - Using pinned version: numpy~=1.18.0
2022-03-27 17:45:41.284 - INFO - 8212 - azureml.train.automl._experiment_drivers.driver_utilities.modify_run_configuration:201 - Package py-xgboost missing from dependencies file.
2022-03-27 17:45:41.284 - INFO - 8212 - azureml.train.automl._experiment_drivers.driver_utilities.modify_run_configuration:207 - Using pinned version: py-xgboost<=0.90
2022-03-27 17:45:41.285 - INFO - 8212 - azureml.train.automl._experiment_drivers.driver_utilities.modify_run_configuration:201 - Package inference-schema missing from dependencies file.
2022-03-27 17:45:41.285 - INFO - 8212 - azureml.train.automl._experiment_drivers.driver_utilities.modify_run_configuration:211 - Using installed version: inference-schema==1.3.0
2022-03-27 17:45:41.285 - INFO - 8212 - azureml.train.automl._experiment_drivers.driver_utilities.modify_run_configuration:201 - Package fbprophet missing from dependencies file.
2022-03-27 17:45:41.285 - INFO - 8212 - azureml.train.automl._experiment_drivers.driver_utilities.modify_run_configuration:207 - Using pinned version: fbprophet==0.5
2022-03-27 17:45:41.286 - INFO - 8212 - azureml.train.automl._experiment_drivers.driver_utilities.modify_run_configuration:201 - Package setuptools-git missing from dependencies file.
2022-03-27 17:45:41.286 - INFO - 8212 - azureml.train.automl._experiment_drivers.driver_utilities.modify_run_configuration:211 - Using installed version: setuptools-git==1.2
2022-03-27 17:45:41.287 - INFO - 8212 - azureml.automl.core.dataset_utilities._save_datasets_to_json:131 - JSON serialization of input of type <class 'NoneType'> is un-supported.
2022-03-27 17:45:41.288 - INFO - 8212 - azureml.automl.core.dataset_utilities._save_datasets_to_json:131 - JSON serialization of input of type <class 'NoneType'> is un-supported.
2022-03-27 17:45:41.289 - INFO - 8212 - azureml.train.automl._experiment_drivers.driver_utilities.validate_input:124 - Start data validation.
2022-03-27 17:45:46.400 - INFO - 8212 - azureml.train.automl._experiment_drivers.driver_utilities.validate_input:137 - Validation service found the data has no errors.
2022-03-27 17:45:46.402 - INFO - 8212 - azureml.train.automl._experiment_drivers.driver_utilities.create_remote_parent_run:382 - Start creating parent run.
2022-03-27 17:45:46.636 - INFO - 8212 - azureml.train.automl._experiment_drivers.driver_utilities.create_remote_parent_run:402 - [ParentRunID:AutoML_5ca316bf-18ce-4c57-8b57-c73a2bf3acb6] Remote run using input X and y.
2022-03-27 17:45:46.721 - INFO - 8212 - azureml.train.automl._experiment_drivers.driver_utilities.start_remote_run:337 - Starting a snapshot run (snapshot_id : None)
